\BOOKMARK [1][-]{section.1}{\376\377\000E\000i\000n\000f\000\374\000h\000r\000u\000n\000g}{}% 1
\BOOKMARK [1][-]{section.2}{\376\377\000S\000t\000a\000n\000d\000\040\000d\000e\000r\000\040\000T\000e\000c\000h\000n\000i\000k}{}% 2
\BOOKMARK [2][-]{subsection.2.1}{\376\377\000S\000t\000r\000o\000m\000b\000e\000d\000a\000r\000f\000\040\000i\000n\000\040\000D\000e\000u\000t\000s\000c\000h\000l\000a\000n\000d}{section.2}% 3
\BOOKMARK [2][-]{subsection.2.2}{\376\377\000S\000t\000r\000o\000m\000m\000i\000x\000\040\000D\000e\000u\000t\000s\000c\000h\000l\000a\000n\000d}{section.2}% 4
\BOOKMARK [2][-]{subsection.2.3}{\376\377\000A\000u\000f\000b\000a\000u\000\040\000d\000e\000s\000\040\000S\000t\000r\000o\000m\000n\000e\000t\000z\000e\000s}{section.2}% 5
\BOOKMARK [2][-]{subsection.2.4}{\376\377\000S\000c\000h\000w\000a\000n\000k\000u\000n\000g\000e\000n\000\040\000i\000m\000\040\000S\000t\000r\000o\000m\000n\000e\000t\000z}{section.2}% 6
\BOOKMARK [3][-]{subsubsection.2.4.1}{\376\377\000R\000e\000d\000i\000s\000p\000a\000t\000c\000h}{subsection.2.4}% 7
\BOOKMARK [1][-]{section.3}{\376\377\000E\000i\000g\000e\000n\000e\000\040\000F\000r\000a\000g\000e\000s\000t\000e\000l\000l\000u\000n\000g\000\040\000u\000n\000d\000\040\000m\000e\000t\000h\000o\000d\000i\000s\000c\000h\000e\000s\000\040\000V\000o\000r\000g\000e\000h\000e\000n}{}% 8
\BOOKMARK [1][-]{section.4}{\376\377\000W\000i\000c\000h\000t\000i\000g\000e\000\040\000F\000a\000k\000t\000o\000r\000e\000n\000\040\000b\000e\000i\000\040\000d\000e\000r\000\040\000S\000t\000r\000o\000m\000e\000r\000z\000e\000u\000g\000u\000n\000g\000\040\000d\000u\000r\000c\000h\000\040\000S\000o\000l\000a\000r\000e\000n\000e\000r\000g\000i\000e}{}% 9
\BOOKMARK [2][-]{subsection.4.1}{\376\377\000W\000e\000t\000t\000e\000r\000-\000u\000n\000a\000b\000h\000\344\000n\000g\000i\000g\000e\000\040\000F\000a\000k\000t\000o\000r\000e\000n}{section.4}% 10
\BOOKMARK [3][-]{subsubsection.4.1.1}{\376\377\000S\000c\000h\000a\000t\000t\000e\000n}{subsection.4.1}% 11
\BOOKMARK [3][-]{subsubsection.4.1.2}{\376\377\000O\000r\000i\000e\000n\000t\000i\000e\000r\000u\000n\000g}{subsection.4.1}% 12
\BOOKMARK [2][-]{subsection.4.2}{\376\377\000N\000a\000c\000h\000g\000e\000f\000\374\000h\000r\000t\000e\000\040\000P\000h\000o\000t\000o\000v\000o\000l\000t\000a\000i\000k\000a\000n\000l\000a\000g\000e\000n}{section.4}% 13
\BOOKMARK [3][-]{subsubsection.4.2.1}{\376\377\000A\000s\000t\000r\000o\000n\000o\000m\000i\000s\000c\000h\000\040\000n\000a\000c\000h\000g\000e\000f\000\374\000h\000r\000t\000e\000\040\000P\000h\000o\000t\000o\000v\000o\000l\000t\000a\000i\000k\000a\000n\000l\000a\000g\000e\000n}{subsection.4.2}% 14
\BOOKMARK [3][-]{subsubsection.4.2.2}{\376\377\000S\000e\000n\000s\000o\000r\000i\000s\000c\000h\000\040\000n\000a\000c\000h\000g\000e\000f\000\374\000h\000r\000t\000e\000\040\000P\000h\000o\000t\000o\000v\000o\000l\000t\000a\000i\000k\000a\000n\000l\000a\000g\000e\000n}{subsection.4.2}% 15
\BOOKMARK [2][-]{subsection.4.3}{\376\377\000W\000e\000t\000t\000e\000r\000-\000a\000b\000h\000\344\000n\000g\000i\000g\000e\000\040\000F\000a\000k\000t\000o\000r\000e\000n}{section.4}% 16
\BOOKMARK [3][-]{subsubsection.4.3.1}{\376\377\000W\000o\000l\000k\000e\000n\000a\000r\000t\000e\000n}{subsection.4.3}% 17
\BOOKMARK [3][-]{subsubsection.4.3.2}{\376\377\000R\000e\000l\000a\000t\000i\000v\000e\000\040\000L\000u\000f\000t\000f\000e\000u\000c\000h\000t\000i\000g\000k\000e\000i\000t\000\040\000u\000n\000d\000\040\000L\000u\000f\000t\000d\000r\000u\000c\000k}{subsection.4.3}% 18
\BOOKMARK [3][-]{subsubsection.4.3.3}{\376\377\000T\000e\000m\000p\000e\000r\000a\000t\000u\000r}{subsection.4.3}% 19
\BOOKMARK [3][-]{subsubsection.4.3.4}{\376\377\000W\000i\000n\000d}{subsection.4.3}% 20
\BOOKMARK [3][-]{subsubsection.4.3.5}{\376\377\000S\000o\000n\000n\000e\000n\000e\000i\000n\000s\000t\000r\000a\000h\000l\000u\000n\000g}{subsection.4.3}% 21
\BOOKMARK [1][-]{section.5}{\376\377\000Z\000u\000s\000a\000m\000m\000e\000n\000h\000\344\000n\000g\000e\000\040\000d\000e\000r\000\040\000M\000e\000r\000k\000m\000a\000l\000e}{}% 22
\BOOKMARK [2][-]{subsection.5.1}{\376\377\000T\000r\000a\000n\000s\000f\000o\000r\000m\000a\000t\000i\000o\000n\000\040\000d\000e\000r\000\040\000D\000a\000t\000e\000n\000\040\000z\000u\000\040\000W\000i\000s\000s\000e\000n}{section.5}% 23
\BOOKMARK [1][-]{section.6}{\376\377\000D\000a\000t\000e\000n\000v\000o\000r\000v\000e\000r\000a\000r\000b\000e\000i\000t\000u\000n\000g}{}% 24
\BOOKMARK [2][-]{subsection.6.1}{\376\377\000A\000u\000s\000r\000e\000i\000\337\000e\000r}{section.6}% 25
\BOOKMARK [1][-]{section.7}{\376\377\000M\000a\000s\000c\000h\000i\000n\000e\000l\000l\000e\000s\000\040\000L\000e\000r\000n\000e\000n\000\040\000-\000\040\000A\000u\000s\000w\000a\000h\000l\000\040\000d\000e\000s\000\040\000M\000o\000d\000e\000l\000l\000s}{}% 26
\BOOKMARK [1][-]{section.8}{\376\377\000O\000p\000t\000i\000m\000i\000e\000r\000u\000n\000g\000\040\000d\000e\000r\000\040\000H\000y\000p\000e\000r\000p\000a\000r\000a\000m\000e\000t\000e\000r}{}% 27
